<?xml version="1.0" encoding="UTF-8"?>
<testng-results ignored="0" total="0" passed="0" failed="0" skipped="0">
  <reporter-output>
  </reporter-output>
  <suite started-at="2022-04-16T15:31:08Z" name="com.test.support.TestSingleton" finished-at="2022-04-16T15:31:08Z" duration-ms="8">
    <groups>
    </groups>
    <test started-at="2022-04-16T15:31:08Z" name="Command line test" finished-at="2022-04-16T15:31:08Z" duration-ms="8">
    </test> <!-- Command line test -->
  </suite> <!-- com.test.support.TestSingleton -->
</testng-results>
