-------------------------------------------------------------------------------
Test set: com.test.AcceptanceIT
-------------------------------------------------------------------------------
Tests run: 1, Failures: 1, Errors: 0, Skipped: 0, Time elapsed: 4.174 s <<< FAILURE! - in com.test.AcceptanceIT
Get book by ISBN.User calls web service to get a book by its ISBN  Time elapsed: 3.64 s  <<< FAILURE!
java.lang.AssertionError: 
1 expectation failed.
JSON path totalItems doesn't match.
Expected: <1457>
  Actual: <945>


