-------------------------------------------------------------------------------
Test set: com.test.AcceptanceTestRerunIT
-------------------------------------------------------------------------------
Tests run: 1, Failures: 0, Errors: 1, Skipped: 0, Time elapsed: 0.184 s <<< FAILURE! - in com.test.AcceptanceTestRerunIT
com.test.AcceptanceTestRerunIT.initializationError  Time elapsed: 0.01 s  <<< ERROR!
io.cucumber.core.exception.CucumberException: Failed to parse 'target/rerun.txt'
Caused by: java.nio.file.NoSuchFileException: target/rerun.txt

