<?xml version="1.0" encoding="UTF-8"?>
<testng-results ignored="0" total="1" passed="1" failed="0" skipped="0">
  <reporter-output>
  </reporter-output>
  <suite started-at="2021-07-26T22:22:37Z" name="Surefire suite" finished-at="2021-07-26T22:25:25Z" duration-ms="167170">
    <groups>
    </groups>
    <test started-at="2021-07-26T22:22:37Z" name="Surefire test" finished-at="2021-07-26T22:25:25Z" duration-ms="167170">
      <class name="com.test.AcceptanceIT">
        <test-method is-config="true" signature="initialize()[pri:0, instance:com.test.AcceptanceIT@71e9ddb4]" started-at="2021-07-26T22:22:37Z" name="initialize" finished-at="2021-07-26T22:22:38Z" duration-ms="358" status="PASS">
          <reporter-output>
          </reporter-output>
        </test-method> <!-- initialize -->
        <test-method signature="parallelRun()[pri:0, instance:com.test.AcceptanceIT@71e9ddb4]" started-at="2021-07-26T22:22:38Z" name="parallelRun" finished-at="2021-07-26T22:25:25Z" duration-ms="166781" status="PASS">
          <reporter-output>
          </reporter-output>
        </test-method> <!-- parallelRun -->
      </class> <!-- com.test.AcceptanceIT -->
    </test> <!-- Surefire test -->
  </suite> <!-- Surefire suite -->
</testng-results>
