<?xml version="1.0" encoding="UTF-8"?>
<testng-results ignored="0" total="1" passed="1" failed="0" skipped="0">
  <reporter-output>
  </reporter-output>
  <suite started-at="2021-07-18T16:21:37Z" name="Surefire suite" finished-at="2021-07-18T16:23:29Z" duration-ms="111381">
    <groups>
    </groups>
    <test started-at="2021-07-18T16:21:37Z" name="Surefire test" finished-at="2021-07-18T16:23:29Z" duration-ms="111381">
      <class name="com.test.AcceptanceIT">
        <test-method is-config="true" signature="initialize()[pri:0, instance:com.test.AcceptanceIT@58a9760d]" started-at="2021-07-18T16:21:37Z" name="initialize" finished-at="2021-07-18T16:21:38Z" duration-ms="473" status="PASS">
          <reporter-output>
          </reporter-output>
        </test-method> <!-- initialize -->
        <test-method signature="parallelRun()[pri:0, instance:com.test.AcceptanceIT@58a9760d]" started-at="2021-07-18T16:21:38Z" name="parallelRun" finished-at="2021-07-18T16:23:29Z" duration-ms="110841" status="PASS">
          <reporter-output>
          </reporter-output>
        </test-method> <!-- parallelRun -->
      </class> <!-- com.test.AcceptanceIT -->
    </test> <!-- Surefire test -->
  </suite> <!-- Surefire suite -->
</testng-results>
